Configuration on demand is an incubating feature.
> Task :app:checkKotlinGradlePluginConfigurationErrors
> Task :app:preBuild UP-TO-DATE
> Task :app:preDebugBuild UP-TO-DATE
> Task :app:generateDebugBuildConfig UP-TO-DATE
> Task :app:checkDebugAarMetadata UP-TO-DATE
> Task :app:processDebugNavigationResources UP-TO-DATE
> Task :app:compileDebugNavigationResources UP-TO-DATE
> Task :app:generateDebugResValues UP-TO-DATE
> Task :app:mapDebugSourceSetPaths UP-TO-DATE
> Task :app:generateDebugResources UP-TO-DATE
> Task :app:mergeDebugResources UP-TO-DATE
> Task :app:packageDebugResources UP-TO-DATE
> Task :app:parseDebugLocalResources UP-TO-DATE
> Task :app:createDebugCompatibleScreenManifests UP-TO-DATE
> Task :app:extractDeepLinksDebug UP-TO-DATE
> Task :app:processDebugMainManifest UP-TO-DATE
> Task :app:processDebugManifest UP-TO-DATE
> Task :app:processDebugManifestForPackage UP-TO-DATE
> Task :app:processDebugResources UP-TO-DATE
> Task :app:kspDebugKotlin UP-TO-DATE

> Task :app:compileDebugKotlin FAILED
e: file:///C:/dev/MyAAC/app/src/main/java/com/example/myaac/viewmodel/BoardViewModel.kt:884:43 Unresolved reference: value
e: file:///C:/dev/MyAAC/app/src/main/java/com/example/myaac/viewmodel/BoardViewModel.kt:886:23 Unresolved reference: it
e: file:///C:/dev/MyAAC/app/src/main/java/com/example/myaac/viewmodel/BoardViewModel.kt:887:27 Cannot infer a type for this parameter. Please specify it explicitly.
e: file:///C:/dev/MyAAC/app/src/main/java/com/example/myaac/viewmodel/BoardViewModel.kt:887:34 Cannot infer a type for this parameter. Please specify it explicitly.
e: file:///C:/dev/MyAAC/app/src/main/java/com/example/myaac/viewmodel/BoardViewModel.kt:889:67 Overload resolution ambiguity: 
public final operator fun plus(other: Byte): Int defined in kotlin.Int
public final operator fun plus(other: Double): Double defined in kotlin.Int
public final operator fun plus(other: Float): Float defined in kotlin.Int
public final operator fun plus(other: Int): Int defined in kotlin.Int
public final operator fun plus(other: Long): Long defined in kotlin.Int
public final operator fun plus(other: Short): Int defined in kotlin.Int
e: file:///C:/dev/MyAAC/app/src/main/java/com/example/myaac/viewmodel/BoardViewModel.kt:898:72 Overload resolution ambiguity: 
public operator fun <T> Collection<TypeVariable(T)>.plus(elements: Array<out TypeVariable(T)>): List<TypeVariable(T)> defined in kotlin.collections
public operator fun <T> Collection<TypeVariable(T)>.plus(elements: Iterable<TypeVariable(T)>): List<TypeVariable(T)> defined in kotlin.collections
public operator fun <T> Collection<TypeVariable(T)>.plus(elements: Sequence<TypeVariable(T)>): List<TypeVariable(T)> defined in kotlin.collections
public operator fun <T> Iterable<TypeVariable(T)>.plus(elements: Array<out TypeVariable(T)>): List<TypeVariable(T)> defined in kotlin.collections
public operator fun <T> Iterable<TypeVariable(T)>.plus(elements: Iterable<TypeVariable(T)>): List<TypeVariable(T)> defined in kotlin.collections
public operator fun <T> Iterable<TypeVariable(T)>.plus(elements: Sequence<TypeVariable(T)>): List<TypeVariable(T)> defined in kotlin.collections

[Incubating] Problems report is available at: file:///C:/dev/MyAAC/build/reports/problems/problems-report.html

FAILURE: Build failed with an exception.

* What went wrong:
Execution failed for task ':app:compileDebugKotlin'.
> A failure occurred while executing org.jetbrains.kotlin.compilerRunner.GradleCompilerRunnerWithWorkers$GradleKotlinCompilerWorkAction
   > Compilation error. See log for more details

* Try:
> Run with --stacktrace option to get the stack trace.
> Run with --info or --debug option to get more log output.
> Run with --scan to get full insights.
> Get more help at https://help.gradle.org.

Deprecated Gradle features were used in this build, making it incompatible with Gradle 10.0.

You can use '--warning-mode all' to show the individual deprecation warnings and determine if they come from your own scripts or plugins.

For more on this, please refer to https://docs.gradle.org/9.0-milestone-1/userguide/command_line_interface.html#sec:command_line_warnings in the Gradle documentation.

BUILD FAILED in 16s
19 actionable tasks: 2 executed, 17 up-to-date
