> Task :app:checkKotlinGradlePluginConfigurationErrors
> Task :app:preBuild UP-TO-DATE
> Task :app:preDebugBuild UP-TO-DATE
> Task :app:generateDebugBuildConfig UP-TO-DATE
> Task :app:checkDebugAarMetadata UP-TO-DATE
> Task :app:processDebugNavigationResources UP-TO-DATE
> Task :app:compileDebugNavigationResources UP-TO-DATE
> Task :app:generateDebugResValues UP-TO-DATE
> Task :app:mapDebugSourceSetPaths UP-TO-DATE
> Task :app:generateDebugResources UP-TO-DATE
> Task :app:mergeDebugResources UP-TO-DATE
> Task :app:packageDebugResources UP-TO-DATE
> Task :app:parseDebugLocalResources UP-TO-DATE
> Task :app:createDebugCompatibleScreenManifests UP-TO-DATE
> Task :app:extractDeepLinksDebug UP-TO-DATE
> Task :app:processDebugMainManifest UP-TO-DATE
> Task :app:processDebugManifest UP-TO-DATE
> Task :app:processDebugManifestForPackage UP-TO-DATE
> Task :app:processDebugResources UP-TO-DATE
> Task :app:kspDebugKotlin UP-TO-DATE
> Task :app:compileDebugKotlin UP-TO-DATE
> Task :app:javaPreCompileDebug UP-TO-DATE
> Task :app:compileDebugJavaWithJavac UP-TO-DATE
> Task :app:bundleDebugClassesToCompileJar UP-TO-DATE
> Task :app:kspDebugUnitTestKotlin UP-TO-DATE

> Task :app:compileDebugUnitTestKotlin FAILED
.\gradlew : e: file:///C:/de
v/MyAAC/app/src/test/java/co
m/example/myaac/viewmodel/Bo
ardViewModelTest.kt:39:58 
Type mismatch: inferred 
type is Flow<???> but 
StateFlow<AppSettings>! was 
expected
At line:1 char:1
+ .\gradlew 
compileDebugUnitTestKotlin 
2>&1 | Out-File -FilePath 
compil ...
+ ~~~~~~~~~~~~~~~~~~~~~~~~~~
~~~~~~~~~~~~~~~
    + CategoryInfo          
    : NotSpecified: (e: fi  
  le:///C:/d...>! was exp   
 ected:String) [], Remot    
eException
    + FullyQualifiedErrorId 
    : NativeCommandError
 
e: file:///C:/dev/MyAAC/app/
src/test/java/com/example/my
aac/viewmodel/BoardViewModel
Test.kt:40:47 Unresolved 
reference: UserSettings
e: file:///C:/dev/MyAAC/app/
src/test/java/com/example/my
aac/viewmodel/BoardViewModel
Test.kt:142:32 Unresolved 
reference: 
predictNextButtons
e: file:///C:/dev/MyAAC/app/
src/test/java/com/example/my
aac/viewmodel/BoardViewModel
Test.kt:156:31 Unresolved 
reference: 
predictNextButtons
e: file:///C:/dev/MyAAC/app/
src/test/java/com/example/my
aac/viewmodel/BoardViewModel
Test.kt:200:32 Suspension 
functions can be called 
only within coroutine body
e: file:///C:/dev/MyAAC/app/
src/test/java/com/example/my
aac/viewmodel/BoardViewModel
Test.kt:206:19 Unresolved 
reference: launch
e: file:///C:/dev/MyAAC/app/
src/test/java/com/example/my
aac/viewmodel/BoardViewModel
Test.kt:211:33 Unresolved 
reference: advanceTimeBy
e: file:///C:/dev/MyAAC/app/
src/test/java/com/example/my
aac/viewmodel/BoardViewModel
Test.kt:217:33 Unresolved 
reference: advanceUntilIdle

[Incubating] Problems report is available at: file:///C:/dev/MyAAC/build/reports/problems/problems-report.html

FAILURE: Build failed with 
an exception.

* What went wrong:
Execution failed for task ':
app:compileDebugUnitTestKotl
in'.
> A failure occurred while 
executing org.jetbrains.kotl
in.compilerRunner.GradleComp
ilerRunnerWithWorkers$Gradle
KotlinCompilerWorkAction
   > Compilation error. See 
log for more details

* Try:
> Run with --stacktrace 
option to get the stack 
trace.
> Run with --info or 
--debug option to get more 
log output.
> Run with --scan to get 
full insights.
> Get more help at 
https://help.gradle.org.

Deprecated Gradle features were used in this build, making it incompatible with Gradle 10.0.

You can use '--warning-mode all' to show the individual deprecation warnings and determine if they come from your own scripts or plugins.

For more on this, please refer to https://docs.gradle.org/9.0-milestone-1/userguide/command_line_interface.html#sec:command_line_warnings in the Gradle documentation.

BUILD FAILED in 4s
24 actionable tasks: 2 executed, 22 up-to-date
