.\gradlew.bat : e: fi
le:///C:/dev/MyAAC/ap
p/src/main/java/com/e
xample/myaac/ui/compo
nents/SentenceBar.kt:
193:82 Unresolved 
reference: Undo
At line:1 char:65
+ ... oid\Android 
Studio\jbr"; 
.\gradlew.bat 
assembleDebug 2> 
error_log.txt
+                    
          ~~~~~~~~~~~
~~~~~~~~~~~~~~~~~~~~~
~~~~~~~~~~~~
    + CategoryInfo   
           : NotSpe  
  cified: (e: file   
 :///C:/d...refer    
ence: Undo:Strin    
g) [], RemoteExc    
eption
    + FullyQualified 
   ErrorId : Native  
  CommandError
 

FAILURE: Build 
failed with an 
exception.

* What went wrong:
Execution failed for 
task ':app:compileDeb
ugKotlin'.
> A failure occurred 
while executing org.j
etbrains.kotlin.compi
lerRunner.GradleCompi
lerRunnerWithWorkers$
GradleKotlinCompilerW
orkAction
   > Compilation 
error. See log for 
more details

* Try:
> Run with 
--stacktrace option 
to get the stack 
trace.
> Run with --info or 
--debug option to 
get more log output.
> Run with --scan to 
get full insights.
> Get more help at ht
tps://help.gradle.org
.

BUILD FAILED in 7s
